<?xml version="1.0" encoding="UTF-8"?>
<!-- Generated by org.testng.reporters.JUnitReportReporter -->
<testsuite hostname="shree" failures="0" tests="1" name="insiderDemos.MulWindow" time="53.011" errors="0" timestamp="2021-04-08T21:10:47 IST" skipped="0">
  <testcase classname="insiderDemos.MulWindow" name="mulwin" time="53.011"/>
  <system-out/>
</testsuite> <!-- insiderDemos.MulWindow -->
