<?xml version="1.0" encoding="UTF-8"?>
<!-- Generated by org.testng.reporters.JUnitReportReporter -->
<testsuite hostname="shree" failures="0" tests="1" name="insiderDemos.DropDown" time="51.879" errors="0" timestamp="2021-04-07T23:23:07 IST" skipped="0">
  <testcase classname="insiderDemos.DropDown" name="ddown" time="51.879"/>
  <system-out/>
</testsuite> <!-- insiderDemos.DropDown -->
