<?xml version="1.0" encoding="UTF-8"?>
<!-- Generated by org.testng.reporters.JUnitReportReporter -->
<testsuite hostname="shree" failures="0" tests="1" name="insiderDemos.CheckBox" time="49.529" errors="0" timestamp="2021-04-07T22:46:34 IST" skipped="0">
  <testcase classname="insiderDemos.CheckBox" name="CheckBOX" time="49.529"/>
  <system-out/>
</testsuite> <!-- insiderDemos.CheckBox -->
