<?xml version="1.0" encoding="UTF-8"?>
<!-- Generated by org.testng.reporters.JUnitReportReporter -->
<testsuite hostname="shree" failures="0" tests="1" name="insiderDemos.FrameHandling" time="71.782" errors="0" timestamp="2021-04-07T21:39:47 IST" skipped="0">
  <testcase classname="insiderDemos.FrameHandling" name="SetUp" time="71.782"/>
  <system-out/>
</testsuite> <!-- insiderDemos.FrameHandling -->
