<?xml version="1.0" encoding="UTF-8"?>
<!-- Generated by org.testng.reporters.JUnitReportReporter -->
<testsuite hostname="shree" failures="0" tests="1" name="insiderDemos.WindowHandling" time="28.229" errors="0" timestamp="2021-04-07T21:17:06 IST" skipped="0">
  <testcase classname="insiderDemos.WindowHandling" name="setUp" time="28.229"/>
  <system-out/>
</testsuite> <!-- insiderDemos.WindowHandling -->
