<?xml version="1.0" encoding="UTF-8"?>
<!-- Generated by org.testng.reporters.JUnitReportReporter -->
<testsuite hostname="shree" failures="0" tests="1" name="insiderDemos.NavigateDemo" time="40.686" errors="0" timestamp="2021-04-07T23:55:00 IST" skipped="0">
  <testcase classname="insiderDemos.NavigateDemo" name="Navi" time="40.686"/>
  <system-out/>
</testsuite> <!-- insiderDemos.NavigateDemo -->
