<?xml version="1.0" encoding="UTF-8"?>
<!-- Generated by org.testng.reporters.JUnitReportReporter -->
<testsuite hostname="shree" failures="0" tests="4" name="insiderDemos.Annotation" time="0.028" errors="0" timestamp="2021-04-08T21:21:35 IST" skipped="0">
  <testcase classname="insiderDemos.Annotation" name="B" time="0.016"/>
  <system-out/>
  <testcase classname="insiderDemos.Annotation" name="A" time="0.003"/>
  <system-out/>
  <testcase classname="insiderDemos.Annotation" name="D" time="0.006"/>
  <system-out/>
  <testcase classname="insiderDemos.Annotation" name="C" time="0.003"/>
  <system-out/>
</testsuite> <!-- insiderDemos.Annotation -->
