<?xml version="1.0" encoding="UTF-8"?>
<!-- Generated by org.testng.reporters.JUnitReportReporter -->
<testsuite hostname="shree" failures="0" tests="1" name="insiderDemos.WinHandle" time="21.962" errors="0" timestamp="2021-04-08T20:51:51 IST" skipped="0">
  <testcase classname="insiderDemos.WinHandle" name="WinHanlde" time="21.962"/>
  <system-out/>
</testsuite> <!-- insiderDemos.WinHandle -->
