<?xml version="1.0" encoding="UTF-8"?>
<!-- Generated by org.testng.reporters.JUnitReportReporter -->
<testsuite hostname="shree" failures="0" tests="1" name="insiderDemos.RadioExample" time="58.998" errors="0" timestamp="2021-04-07T22:19:45 IST" skipped="0">
  <testcase classname="insiderDemos.RadioExample" name="Setup" time="58.998"/>
  <system-out/>
</testsuite> <!-- insiderDemos.RadioExample -->
