<?xml version="1.0" encoding="UTF-8"?>
<!-- Generated by org.testng.reporters.JUnitReportReporter -->
<testsuite hostname="shree" failures="0" tests="1" name="insiderDemos.AlertDemo" time="68.825" errors="0" timestamp="2021-04-07T23:46:37 IST" skipped="0">
  <testcase classname="insiderDemos.AlertDemo" name="AlertD" time="68.825"/>
  <system-out/>
</testsuite> <!-- insiderDemos.AlertDemo -->
